<?xml version="1.0" encoding="UTF-8"?>
<!-- Generated by org.testng.reporters.JUnitReportReporter -->
<testsuite hostname="hari" failures="0" tests="2" name="Utilities.ITListener" time="6.752" errors="0" timestamp="2024-02-11T20:33:19 IST" skipped="0">
  <testcase classname="Utilities.ITListener" name="testSearch2" time="3.440"/>
  <testcase classname="Utilities.ITListener" name="testSearch1" time="3.312"/>
</testsuite> <!-- Utilities.ITListener -->
