<?xml version="1.0" encoding="UTF-8"?>
<!-- Generated by org.testng.reporters.JUnitReportReporter -->
<testsuite hostname="hari" failures="0" tests="4" name="Utilities.Excelutility" time="6.629" errors="0" timestamp="2024-02-09T16:55:48 IST" skipped="0">
  <testcase classname="Utilities.Excelutility" name="testLogin" time="0.913"/>
  <testcase classname="Utilities.Excelutility" name="testLogin" time="0.822"/>
  <testcase classname="Utilities.Excelutility" name="testLogin" time="0.883"/>
  <testcase classname="Utilities.Excelutility" name="testLogin" time="4.011"/>
</testsuite> <!-- Utilities.Excelutility -->
