<?xml version="1.0" encoding="UTF-8"?>
<!-- Generated by org.testng.reporters.JUnitReportReporter -->
<testsuite hostname="hari" failures="0" tests="4" name="Utilities.Excelutility" time="9.374" errors="0" timestamp="2024-02-09T16:45:07 IST" skipped="0">
  <testcase classname="Utilities.Excelutility" name="testLogin" time="1.606"/>
  <testcase classname="Utilities.Excelutility" name="testLogin" time="1.737"/>
  <testcase classname="Utilities.Excelutility" name="testLogin" time="1.607"/>
  <testcase classname="Utilities.Excelutility" name="testLogin" time="4.424"/>
</testsuite> <!-- Utilities.Excelutility -->
