<?xml version="1.0" encoding="UTF-8"?>
<!-- Generated by org.testng.reporters.JUnitReportReporter -->
<testsuite hostname="hari" failures="0" tests="1" name="Pages.LoginTest" time="6.936" errors="0" timestamp="2024-02-09T16:45:43 IST" skipped="0">
  <testcase classname="Pages.LoginTest" name="testLoginSuccess" time="6.936"/>
</testsuite> <!-- Pages.LoginTest -->
